<?xml version="1.0" encoding="UTF-8"?>
<testsuite name="PerOffice1"
           tests="4"
           failures="0"
           errors="0"
           skipped="4"
           time="0.000">
  <properties />
  
            <testcase name="doAfterMethod" time="0.0" classname="com.webtest.PerOffice1.demo.Test33">
          <skipped />
    </testcase>
            <testcase name="doBeforeSuite" time="0.0" classname="com.webtest.PerOffice1.demo.Test33">
          <skipped />
    </testcase>
            <testcase name="startUp" time="0.0" classname="com.webtest.PerOffice1.demo.Test33">
          <skipped />
    </testcase>
            <testcase name="zhixingren" time="0.0" classname="com.webtest.PerOffice1.demo.Test33">
          <skipped />
    </testcase>
  
  
</testsuite>
