<?xml version="1.0" encoding="UTF-8"?>
<testsuite name="SystemSetting"
           tests="6"
           failures="0"
           errors="0"
           skipped="6"
           time="0.000">
  <properties />
  
            <testcase name="setup" time="0.0" classname="com.webtest.SystemSetting.demo.Workposition_test">
          <skipped />
    </testcase>
            <testcase name="doBeforeSuite" time="0.0" classname="com.webtest.SystemSetting.demo.Workposition_test">
          <skipped />
    </testcase>
            <testcase name="setup" time="0.0" classname="com.webtest.SystemSetting.demo.Workposition_test">
          <skipped />
    </testcase>
            <testcase name="doAfterMethod" time="0.0" classname="com.webtest.SystemSetting.demo.Workposition_test">
          <skipped />
    </testcase>
            <testcase name="Add_top_test" time="0.0" classname="com.webtest.SystemSetting.demo.Workposition_test">
          <skipped />
    </testcase>
            <testcase name="Add_test" time="0.0" classname="com.webtest.SystemSetting.demo.Workposition_test">
          <skipped />
    </testcase>
  
  
</testsuite>
