<?xml version="1.0" encoding="UTF-8"?>
<testsuite name="SystemSetting"
           tests="8"
           failures="0"
           errors="0"
           skipped="8"
           time="0.000">
  <properties />
  
            <testcase name="setup" time="0.0" classname="com.webtest.SystemSetting.demo.product_test">
          <skipped />
    </testcase>
            <testcase name="doBeforeSuite" time="0.0" classname="com.webtest.SystemSetting.demo.product_test">
          <skipped />
    </testcase>
            <testcase name="setup" time="0.0" classname="com.webtest.SystemSetting.demo.product_test">
          <skipped />
    </testcase>
            <testcase name="setup" time="0.0" classname="com.webtest.SystemSetting.demo.product_test">
          <skipped />
    </testcase>
            <testcase name="doAfterMethod" time="0.0" classname="com.webtest.SystemSetting.demo.product_test">
          <skipped />
    </testcase>
            <testcase name="qingkong_test" time="0.0" classname="com.webtest.SystemSetting.demo.product_test">
          <skipped />
    </testcase>
            <testcase name="input_test" time="0.0" classname="com.webtest.SystemSetting.demo.product_test">
          <skipped />
    </testcase>
            <testcase name="input_test1" time="0.0" classname="com.webtest.SystemSetting.demo.product_test">
          <skipped />
    </testcase>
  
  
</testsuite>
