<?xml version="1.0" encoding="UTF-8"?>
<testsuite name="office"
           tests="3"
           failures="0"
           errors="0"
           skipped="0"
           time="23.217">
  <properties />
  
  
            <testcase name="search3" time="7.732" classname="com.webtest.office.demo.SearchTest" />
                <testcase name="search1" time="7.712" classname="com.webtest.office.demo.SearchTest" />
                <testcase name="search2" time="7.773" classname="com.webtest.office.demo.SearchTest" />
      
</testsuite>
