<?xml version="1.0" encoding="UTF-8"?>
<testsuite name="office-liuchen"
           tests="3"
           failures="0"
           errors="0"
           skipped="0"
           time="27.341">
  <properties />
  
  
            <testcase name="Vote1" time="9.148" classname="com.webtest.office.demo.VoteTest2" />
                <testcase name="Vote3" time="8.938" classname="com.webtest.office.demo.VoteTest2" />
                <testcase name="Vote2" time="9.255" classname="com.webtest.office.demo.VoteTest2" />
      
</testsuite>
