<?xml version="1.0" encoding="UTF-8"?>
<testsuite name="office-liuchen"
           tests="3"
           failures="0"
           errors="0"
           skipped="0"
           time="23.510">
  <properties />
  
  
            <testcase name="search3" time="7.854" classname="com.webtest.office.demo.SearchTest" />
                <testcase name="search1" time="7.834" classname="com.webtest.office.demo.SearchTest" />
                <testcase name="search2" time="7.822" classname="com.webtest.office.demo.SearchTest" />
      
</testsuite>
